Traceback (most recent call last):
  File "/pfs/work9/workspace/scratch/ma_pkonz-thesis/ForestDiffusion/.venv/lib64/python3.11/site-packages/numpy/lib/npyio.py", line 441, in load
    return pickle.load(fid, **pickle_kwargs)
           ^^^^^^^^^^^^^^^^^^^^^^^^^^^^^^^^^
_pickle.UnpicklingError: unpickling stack underflow

The above exception was the direct cause of the following exception:

Traceback (most recent call last):
  File "/pfs/work9/workspace/scratch/ma_pkonz-thesis/ForestDiffusion/tests/contamination.py", line 925, in <module>
    results, contam_levels, extreme_cases = run_training_contamination_ablation_dynamic_fixed_split(
                                            ^^^^^^^^^^^^^^^^^^^^^^^^^^^^^^^^^^^^^^^^^^^^^^^^^^^^^^^^
  File "/pfs/work9/workspace/scratch/ma_pkonz-thesis/ForestDiffusion/tests/contamination.py", line 310, in run_training_contamination_ablation_dynamic_fixed_split
    X_train_full, y_train_full, X_test_full, y_test_full = load_adbench_npz(dataset_name, test_size=0.5, random_state=42)
                                                           ^^^^^^^^^^^^^^^^^^^^^^^^^^^^^^^^^^^^^^^^^^^^^^^^^^^^^^^^^^^^^^
  File "/pfs/work9/workspace/scratch/ma_pkonz-thesis/ForestDiffusion/tests/contamination.py", line 86, in load_adbench_npz
    data = np.load(file_path, allow_pickle=True)
           ^^^^^^^^^^^^^^^^^^^^^^^^^^^^^^^^^^^^^
  File "/pfs/work9/workspace/scratch/ma_pkonz-thesis/ForestDiffusion/.venv/lib64/python3.11/site-packages/numpy/lib/npyio.py", line 443, in load
    raise pickle.UnpicklingError(
_pickle.UnpicklingError: Failed to interpret file PosixPath('/pfs/work9/workspace/scratch/ma_pkonz-thesis/ForestDiffusion/data_contamination/business_dataset_middle.csv') as a pickle
